<?xml version="1.0" encoding="UTF-8"?>
<!-- Generated by org.testng.reporters.JUnitReportReporter -->
<testsuite hostname="Praseetha" failures="0" tests="2" name="org.ictak.testcases.DashboardTC" time="17.824" errors="0" timestamp="2023-08-09T18:00:49 IST" skipped="0">
  <testcase classname="org.ictak.testcases.DashboardTC" name="addItem" time="12.438"/>
  <testcase classname="org.ictak.testcases.DashboardTC" name="deleteItem" time="5.386"/>
</testsuite> <!-- org.ictak.testcases.DashboardTC -->
