<?xml version="1.0" encoding="UTF-8"?>
<!-- Generated by org.testng.reporters.JUnitReportReporter -->
<testsuite hostname="Praseetha" failures="0" tests="3" name="org.ictak.testcases.NewstaffTC" time="23.341" errors="0" timestamp="2023-08-09T18:00:49 IST" skipped="0">
  <testcase classname="org.ictak.testcases.NewstaffTC" name="validstaffform" time="5.407"/>
  <testcase classname="org.ictak.testcases.NewstaffTC" name="emptyimagefield" time="16.688"/>
  <testcase classname="org.ictak.testcases.NewstaffTC" name="Search" time="1.246"/>
</testsuite> <!-- org.ictak.testcases.NewstaffTC -->
