<?xml version="1.0" encoding="UTF-8"?>
<!-- Generated by org.testng.reporters.JUnitReportReporter -->
<testsuite hostname="Praseetha" failures="0" tests="4" name="org.ictak.testcases.CourseTC" time="4.285" errors="0" timestamp="2023-07-24T18:24:57 IST" skipped="0">
  <testcase classname="org.ictak.testcases.CourseTC" name="Courseclick" time="0.341"/>
  <testcase classname="org.ictak.testcases.CourseTC" name="Courselist" time="0.898"/>
  <testcase classname="org.ictak.testcases.CourseTC" name="Coursestatus" time="0.174"/>
  <testcase classname="org.ictak.testcases.CourseTC" name="CourseRegister" time="2.872"/>
</testsuite> <!-- org.ictak.testcases.CourseTC -->
